<?xml version="1.0" encoding="UTF-8"?>
<testsuite xmlns:xsi="http://www.w3.org/2001/XMLSchema-instance" xsi:noNamespaceSchemaLocation="https://maven.apache.org/surefire/maven-surefire-plugin/xsd/surefire-test-report-3.0.xsd" version="3.0" name="validationTests.NotPastDateValidatorTest" time="0.886" tests="4" errors="0" skipped="0" failures="0">
  <properties>
[...]
</properties>
  <testcase name="должен вернуть false для даты, которая в прошлом" classname="validationTests.NotPastDateValidatorTest" time="0.615"/>
  <testcase name="должен вернуть false для пустого значения" classname="validationTests.NotPastDateValidatorTest" time="0.001"/>
  <testcase name="должен вернуть false для null значения" classname="validationTests.NotPastDateValidatorTest" time="0.002"/>
  <testcase name="должен вернуть true для даты, которая не в прошлом" classname="validationTests.NotPastDateValidatorTest" time="0.001"/>
</testsuite>